0 verbose cli /usr/local/bin/node /usr/local/lib/node_modules/npm/bin/npm-cli.js
1 info using npm@10.9.2
2 info using node@v22.16.0
3 silly config load:file:/usr/local/lib/node_modules/npm/npmrc
4 silly config load:file:/Users/mac/Documents/Projects/NB Media /.npmrc
5 silly config load:file:/Users/mac/.npmrc
6 silly config load:file:/usr/local/etc/npmrc
7 verbose title npm exec create-next-app@14.2.5 brainstorm-board --typescript --use-npm --eslint --tailwind --src-dir --app --import-alias @/* --no-gh-actions --skip-install
8 verbose argv "exec" "--" "create-next-app@14.2.5" "brainstorm-board" "--typescript" "--use-npm" "--eslint" "--tailwind" "--src-dir" "--app" "--import-alias" "@/*" "--no-gh-actions" "--skip-install"
9 verbose logfile logs-max:10 dir:/Users/mac/Documents/Projects/NB Media /.npm-cache/_logs/2025-10-06T08_54_18_089Z-
10 verbose logfile /Users/mac/Documents/Projects/NB Media /.npm-cache/_logs/2025-10-06T08_54_18_089Z-debug-0.log
11 silly logfile done cleaning log files
12 silly packumentCache heap:4345298944 maxSize:1086324736 maxEntrySize:543162368
13 http fetch GET 200 https://registry.npmjs.org/npm 99ms
14 http fetch GET 200 https://registry.npmjs.org/create-next-app 136ms (cache miss)
15 silly packumentCache heap:4345298944 maxSize:1086324736 maxEntrySize:543162368
16 silly packumentCache heap:4345298944 maxSize:1086324736 maxEntrySize:543162368
17 silly idealTree buildDeps
18 silly fetch manifest create-next-app@14.2.5
19 silly packumentCache full:https://registry.npmjs.org/create-next-app cache-miss
20 http fetch GET 200 https://registry.npmjs.org/create-next-app 149ms (cache miss)
21 silly packumentCache full:https://registry.npmjs.org/create-next-app set size:undefined disposed:false
22 silly placeDep ROOT create-next-app@14.2.5 OK for:  want: 14.2.5
23 silly reify moves {}
24 silly audit bulk request { 'create-next-app': [ '14.2.5' ] }
25 http cache create-next-app@https://registry.npmjs.org/create-next-app/-/create-next-app-14.2.5.tgz 0ms (cache hit)
26 silly tarball no local data for create-next-app@https://registry.npmjs.org/create-next-app/-/create-next-app-14.2.5.tgz. Extracting by manifest.
27 http fetch GET 200 https://registry.npmjs.org/create-next-app/-/create-next-app-14.2.5.tgz 56ms (cache miss)
28 http fetch POST 200 https://registry.npmjs.org/-/npm/v1/security/advisories/bulk 335ms
29 silly audit report {}
30 verbose cwd /Users/mac/Documents/Projects/NB Media 
31 verbose os Darwin 25.0.0
32 verbose node v22.16.0
33 verbose npm  v10.9.2
34 notice
34 notice New [31mmajor[39m version of npm available! [31m10.9.2[39m -> [34m11.6.1[39m
34 notice Changelog: [34mhttps://github.com/npm/cli/releases/tag/v11.6.1[39m
34 notice To update run: [4mnpm install -g npm@11.6.1[24m
34 notice  { force: true, [Symbol(proc-log.meta)]: true }
35 verbose exit 1
36 verbose code 1
