0 verbose cli /usr/local/bin/node /usr/local/lib/node_modules/npm/bin/npm-cli.js
1 info using npm@10.9.2
2 info using node@v22.16.0
3 silly config load:file:/usr/local/lib/node_modules/npm/npmrc
4 silly config load:file:/Users/mac/Documents/Projects/NB Media /.npmrc
5 silly config load:file:/Users/mac/.npmrc
6 silly config load:file:/usr/local/etc/npmrc
7 verbose title npm exec create-next-app@14.2.5 brainstorm-board --typescript --use-npm --eslint --tailwind --src-dir --app --import-alias @/* --no-gh-actions --skip-install
8 verbose argv "exec" "--" "create-next-app@14.2.5" "brainstorm-board" "--typescript" "--use-npm" "--eslint" "--tailwind" "--src-dir" "--app" "--import-alias" "@/*" "--no-gh-actions" "--skip-install"
9 verbose logfile logs-max:10 dir:/Users/mac/Documents/Projects/NB Media /.npm-cache/_logs/2025-10-06T08_54_50_400Z-
10 verbose logfile /Users/mac/Documents/Projects/NB Media /.npm-cache/_logs/2025-10-06T08_54_50_400Z-debug-0.log
11 silly logfile done cleaning log files
12 silly packumentCache heap:4345298944 maxSize:1086324736 maxEntrySize:543162368
13 http fetch GET 200 https://registry.npmjs.org/create-next-app 143ms (cache revalidated)
14 silly packumentCache heap:4345298944 maxSize:1086324736 maxEntrySize:543162368
15 silly packumentCache heap:4345298944 maxSize:1086324736 maxEntrySize:543162368
16 verbose cwd /Users/mac/Documents/Projects/NB Media 
17 verbose os Darwin 25.0.0
18 verbose node v22.16.0
19 verbose npm  v10.9.2
20 verbose exit 0
21 info ok
